feature/build/outputs/logs/manifest-merger-debug-report.txt
-- Merging decision tree log ---
manifest
ADDED from src\main\AndroidManifest.xml:17:1-88:12
INJECTED from src\main\AndroidManifest.xml:17:1-88:12
INJECTED from src\main\AndroidManifest.xml:17:1-88:12
INJECTED from src\main\AndroidManifest.xml:17:1-88:12
INJECTED from src\main\AndroidManifest.xml:17:1-88:12
INJECTED from src\main\AndroidManifest.xml:17:1-88:12
INJECTED from src\main\AndroidManifest.xml:17:1-88:12
	package
		ADDED from src\main\AndroidManifest.xml:18:5-67
		INJECTED from src\main\AndroidManifest.xml
		INJECTED from src\main\AndroidManifest.xml
	android:versionName
		INJECTED from src\main\AndroidManifest.xml
		ADDED from src\main\AndroidManifest.xml:17:1-88:12
		INJECTED from src\main\AndroidManifest.xml
	android:versionCode
		INJECTED from src\main\AndroidManifest.xml
		ADDED from src\main\AndroidManifest.xml:17:1-88:12
		INJECTED from src\main\AndroidManifest.xml
	xmlns:android
		ADDED from src\main\AndroidManifest.xml:17:11-69
uses-permission#android.permission.INTERNET
ADDED from src\main\AndroidManifest.xml:20:5-67
	android:name
		ADDED from src\main\AndroidManifest.xml:20:22-64
application
ADDED from src\main\AndroidManifest.xml:22:5-87:19
	android:supportsRtl
		ADDED from src\main\AndroidManifest.xml:26:9-35
	android:label
		ADDED from src\main\AndroidManifest.xml:24:9-41
	android:allowBackup
		ADDED from src\main\AndroidManifest.xml:23:9-35
	android:theme
		ADDED from src\main\AndroidManifest.xml:25:9-40
activity#com.google.android.instantapps.samples.hello.feature.TextTwisterActivity
ADDED from src\main\AndroidManifest.xml:29:9-48:20
	android:label
		ADDED from src\main\AndroidManifest.xml:31:13-55
	android:name
		ADDED from src\main\AndroidManifest.xml:30:13-48
intent-filter#action:name:android.intent.action.MAIN+category:name:android.intent.category.LAUNCHER
ADDED from src\main\AndroidManifest.xml:32:13-35:29
action#android.intent.action.MAIN
ADDED from src\main\AndroidManifest.xml:33:17-69
	android:name
		ADDED from src\main\AndroidManifest.xml:33:25-66
category#android.intent.category.LAUNCHER
ADDED from src\main\AndroidManifest.xml:34:17-77
	android:name
		ADDED from src\main\AndroidManifest.xml:34:27-74
intent-filter#action:name:android.intent.action.VIEW+category:name:android.intent.category.BROWSABLE+category:name:android.intent.category.DEFAULT+data:host:hello.instantappsample.com+data:pathPrefix:/text_twister+data:scheme:http+data:scheme:https
ADDED from src\main\AndroidManifest.xml:36:13-47:29
	android:autoVerify
		ADDED from src\main\AndroidManifest.xml:37:17-42
	android:order
		ADDED from src\main\AndroidManifest.xml:38:17-34
action#android.intent.action.VIEW
ADDED from src\main\AndroidManifest.xml:39:17-69
	android:name
		ADDED from src\main\AndroidManifest.xml:39:25-66
category#android.intent.category.BROWSABLE
ADDED from src\main\AndroidManifest.xml:40:17-78
	android:name
		ADDED from src\main\AndroidManifest.xml:40:27-75
category#android.intent.category.DEFAULT
ADDED from src\main\AndroidManifest.xml:41:17-76
	android:name
		ADDED from src\main\AndroidManifest.xml:41:27-73
data
ADDED from src\main\AndroidManifest.xml:43:17-48
	android:host
		ADDED from src\main\AndroidManifest.xml:45:23-64
	android:scheme
		ADDED from src\main\AndroidManifest.xml:43:23-45
	android:pathPrefix
		ADDED from src\main\AndroidManifest.xml:46:23-57
activity#com.google.android.instantapps.samples.hello.feature.HelloActivity
ADDED from src\main\AndroidManifest.xml:50:9-69:20
	android:label
		ADDED from src\main\AndroidManifest.xml:52:13-57
	android:name
		ADDED from src\main\AndroidManifest.xml:51:13-42
intent-filter#action:name:android.intent.action.VIEW+category:name:android.intent.category.BROWSABLE+category:name:android.intent.category.DEFAULT+data:host:hello.instantappsample.com+data:pathPrefix:/hello+data:scheme:http+data:scheme:https
ADDED from src\main\AndroidManifest.xml:54:13-65:29
	android:autoVerify
		ADDED from src\main\AndroidManifest.xml:55:17-42
	android:order
		ADDED from src\main\AndroidManifest.xml:56:17-34
meta-data#default-url
ADDED from src\main\AndroidManifest.xml:66:13-68:76
	android:value
		ADDED from src\main\AndroidManifest.xml:68:17-73
	android:name
		ADDED from src\main\AndroidManifest.xml:67:17-43
activity#com.google.android.instantapps.samples.hello.feature.GoodbyeActivity
ADDED from src\main\AndroidManifest.xml:70:9-85:20
	android:label
		ADDED from src\main\AndroidManifest.xml:72:13-59
	android:name
		ADDED from src\main\AndroidManifest.xml:71:13-44
intent-filter#action:name:android.intent.action.VIEW+category:name:android.intent.category.BROWSABLE+category:name:android.intent.category.DEFAULT+data:host:hello.instantappsample.com+data:pathPrefix:/goodbye+data:scheme:http+data:scheme:https
ADDED from src\main\AndroidManifest.xml:73:13-84:29
	android:autoVerify
		ADDED from src\main\AndroidManifest.xml:74:17-42
	android:order
		ADDED from src\main\AndroidManifest.xml:75:17-34
uses-sdk
INJECTED from src\main\AndroidManifest.xml reason: use-sdk injection requested
INJECTED from src\main\AndroidManifest.xml
INJECTED from src\main\AndroidManifest.xml
INJECTED from src\main\AndroidManifest.xml
INJECTED from src\main\AndroidManifest.xml
	android:targetSdkVersion
		INJECTED from src\main\AndroidManifest.xml
		ADDED from src\main\AndroidManifest.xml
		INJECTED from src\main\AndroidManifest.xml
	android:minSdkVersion
		INJECTED from src\main\AndroidManifest.xml
		ADDED from src\main\AndroidManifest.xml
		INJECTED from src\main\AndroidManifest.xml